{"C:\\Users\\rjayk\\Work\\Zenme\\ZBCorpArchitecture\\selfService\\web\\access-pass-src\\config\\accessPassConfig.ts": {"path":"C:\\Users\\rjayk\\Work\\Zenme\\ZBCorpArchitecture\\selfService\\web\\access-pass-src\\config\\accessPassConfig.ts","statementMap":{"0":{"start":{"line":5,"column":31},"end":{"line":5,"column":null}},"1":{"start":{"line":9,"column":28},"end":{"line":21,"column":null}},"2":{"start":{"line":23,"column":26},"end":{"line":23,"column":null}},"3":{"start":{"line":27,"column":33},"end":{"line":38,"column":null}},"4":{"start":{"line":44,"column":53},"end":{"line":47,"column":null}},"5":{"start":{"line":52,"column":2},"end":{"line":52,"column":null}},"6":{"start":{"line":52,"column":43},"end":{"line":52,"column":67}}},"fnMap":{"0":{"name":"getAllPermissions","decl":{"start":{"line":51,"column":16},"end":{"line":51,"column":34}},"loc":{"start":{"line":51,"column":97},"end":{"line":53,"column":null}},"line":51},"1":{"name":"(anonymous_1)","decl":{"start":{"line":52,"column":36},"end":{"line":52,"column":37}},"loc":{"start":{"line":52,"column":43},"end":{"line":52,"column":67}},"line":52}},"branchMap":{"0":{"loc":{"start":{"line":52,"column":43},"end":{"line":52,"column":67}},"type":"binary-expr","locations":[{"start":{"line":52,"column":43},"end":{"line":52,"column":65}},{"start":{"line":52,"column":65},"end":{"line":52,"column":67}}],"line":52}},"s":{"0":1,"1":1,"2":1,"3":1,"4":1,"5":0,"6":0},"f":{"0":0,"1":0},"b":{"0":[0,0]},"meta":{"lastBranch":1,"lastFunction":2,"lastStatement":7,"seen":{"s:5:31:5:Infinity":0,"s:9:28:21:Infinity":1,"s:23:26:23:Infinity":2,"s:27:33:38:Infinity":3,"s:44:53:47:Infinity":4,"f:51:16:51:34":0,"s:52:2:52:Infinity":5,"f:52:36:52:37":1,"s:52:43:52:67":6,"b:52:43:52:65:52:65:52:67":0},"fnNames":{}}}
,"C:\\Users\\rjayk\\Work\\Zenme\\ZBCorpArchitecture\\selfService\\web\\access-pass-src\\hooks\\useAccessPass.ts": {"path":"C:\\Users\\rjayk\\Work\\Zenme\\ZBCorpArchitecture\\selfService\\web\\access-pass-src\\hooks\\useAccessPass.ts","statementMap":{"0":{"start":{"line":29,"column":20},"end":{"line":29,"column":null}},"1":{"start":{"line":30,"column":19},"end":{"line":30,"column":null}},"2":{"start":{"line":31,"column":31},"end":{"line":31,"column":null}},"3":{"start":{"line":32,"column":25},"end":{"line":32,"column":null}},"4":{"start":{"line":35,"column":2},"end":{"line":36,"column":null}},"5":{"start":{"line":35,"column":9},"end":{"line":35,"column":null}},"6":{"start":{"line":36,"column":7},"end":{"line":36,"column":null}},"7":{"start":{"line":39,"column":2},"end":{"line":43,"column":null}},"8":{"start":{"line":40,"column":4},"end":{"line":40,"column":null}},"9":{"start":{"line":42,"column":4},"end":{"line":42,"column":null}},"10":{"start":{"line":48,"column":2},"end":{"line":54,"column":null}},"11":{"start":{"line":49,"column":19},"end":{"line":49,"column":null}},"12":{"start":{"line":50,"column":21},"end":{"line":50,"column":null}},"13":{"start":{"line":51,"column":4},"end":{"line":51,"column":null}},"14":{"start":{"line":53,"column":4},"end":{"line":53,"column":null}},"15":{"start":{"line":59,"column":2},"end":{"line":59,"column":null}},"16":{"start":{"line":59,"column":22},"end":{"line":59,"column":null}},"17":{"start":{"line":60,"column":16},"end":{"line":60,"column":null}},"18":{"start":{"line":61,"column":20},"end":{"line":61,"column":null}},"19":{"start":{"line":62,"column":2},"end":{"line":62,"column":null}},"20":{"start":{"line":62,"column":46},"end":{"line":62,"column":null}},"21":{"start":{"line":63,"column":2},"end":{"line":63,"column":null}},"22":{"start":{"line":68,"column":14},"end":{"line":68,"column":null}},"23":{"start":{"line":69,"column":16},"end":{"line":69,"column":null}},"24":{"start":{"line":71,"column":2},"end":{"line":77,"column":null}},"25":{"start":{"line":72,"column":4},"end":{"line":73,"column":null}},"26":{"start":{"line":79,"column":2},"end":{"line":81,"column":null}},"27":{"start":{"line":80,"column":4},"end":{"line":80,"column":null}},"28":{"start":{"line":83,"column":2},"end":{"line":85,"column":null}},"29":{"start":{"line":84,"column":4},"end":{"line":84,"column":null}},"30":{"start":{"line":87,"column":2},"end":{"line":93,"column":null}},"31":{"start":{"line":88,"column":4},"end":{"line":89,"column":null}},"32":{"start":{"line":95,"column":2},"end":{"line":100,"column":null}},"33":{"start":{"line":96,"column":4},"end":{"line":97,"column":null}},"34":{"start":{"line":102,"column":2},"end":{"line":107,"column":null}},"35":{"start":{"line":103,"column":4},"end":{"line":104,"column":null}},"36":{"start":{"line":109,"column":2},"end":{"line":111,"column":null}},"37":{"start":{"line":110,"column":4},"end":{"line":110,"column":null}},"38":{"start":{"line":113,"column":2},"end":{"line":113,"column":null}},"39":{"start":{"line":117,"column":24},"end":{"line":117,"column":null}},"40":{"start":{"line":118,"column":38},"end":{"line":118,"column":null}},"41":{"start":{"line":119,"column":28},"end":{"line":119,"column":null}},"42":{"start":{"line":120,"column":26},"end":{"line":120,"column":null}},"43":{"start":{"line":120,"column":57},"end":{"line":120,"column":78}},"44":{"start":{"line":121,"column":38},"end":{"line":121,"column":null}},"45":{"start":{"line":122,"column":24},"end":{"line":122,"column":null}},"46":{"start":{"line":123,"column":26},"end":{"line":123,"column":null}},"47":{"start":{"line":124,"column":28},"end":{"line":124,"column":null}},"48":{"start":{"line":125,"column":32},"end":{"line":125,"column":null}},"49":{"start":{"line":126,"column":40},"end":{"line":126,"column":null}},"50":{"start":{"line":127,"column":34},"end":{"line":127,"column":null}},"51":{"start":{"line":128,"column":32},"end":{"line":128,"column":null}},"52":{"start":{"line":129,"column":42},"end":{"line":129,"column":null}},"53":{"start":{"line":130,"column":54},"end":{"line":130,"column":null}},"54":{"start":{"line":131,"column":40},"end":{"line":131,"column":null}},"55":{"start":{"line":133,"column":38},"end":{"line":133,"column":null}},"56":{"start":{"line":134,"column":56},"end":{"line":134,"column":null}},"57":{"start":{"line":135,"column":52},"end":{"line":135,"column":null}},"58":{"start":{"line":136,"column":48},"end":{"line":136,"column":null}},"59":{"start":{"line":138,"column":2},"end":{"line":176,"column":null}},"60":{"start":{"line":139,"column":20},"end":{"line":139,"column":null}},"61":{"start":{"line":142,"column":6},"end":{"line":142,"column":null}},"62":{"start":{"line":142,"column":36},"end":{"line":142,"column":null}},"63":{"start":{"line":143,"column":6},"end":{"line":149,"column":null}},"64":{"start":{"line":144,"column":8},"end":{"line":147,"column":null}},"65":{"start":{"line":145,"column":10},"end":{"line":145,"column":null}},"66":{"start":{"line":146,"column":10},"end":{"line":146,"column":null}},"67":{"start":{"line":148,"column":8},"end":{"line":148,"column":null}},"68":{"start":{"line":151,"column":6},"end":{"line":166,"column":null}},"69":{"start":{"line":152,"column":21},"end":{"line":152,"column":null}},"70":{"start":{"line":153,"column":23},"end":{"line":153,"column":null}},"71":{"start":{"line":154,"column":30},"end":{"line":154,"column":null}},"72":{"start":{"line":154,"column":65},"end":{"line":154,"column":86}},"73":{"start":{"line":155,"column":23},"end":{"line":155,"column":null}},"74":{"start":{"line":156,"column":8},"end":{"line":159,"column":null}},"75":{"start":{"line":157,"column":10},"end":{"line":157,"column":null}},"76":{"start":{"line":158,"column":10},"end":{"line":158,"column":null}},"77":{"start":{"line":162,"column":8},"end":{"line":165,"column":null}},"78":{"start":{"line":163,"column":10},"end":{"line":163,"column":null}},"79":{"start":{"line":164,"column":10},"end":{"line":164,"column":null}},"80":{"start":{"line":169,"column":4},"end":{"line":171,"column":null}},"81":{"start":{"line":173,"column":4},"end":{"line":175,"column":null}},"82":{"start":{"line":174,"column":6},"end":{"line":174,"column":null}},"83":{"start":{"line":178,"column":8},"end":{"line":181,"column":null}},"84":{"start":{"line":179,"column":4},"end":{"line":179,"column":null}},"85":{"start":{"line":179,"column":39},"end":{"line":179,"column":null}},"86":{"start":{"line":180,"column":4},"end":{"line":180,"column":null}},"87":{"start":{"line":180,"column":73},"end":{"line":180,"column":90}},"88":{"start":{"line":183,"column":23},"end":{"line":183,"column":null}},"89":{"start":{"line":184,"column":29},"end":{"line":184,"column":null}},"90":{"start":{"line":186,"column":28},"end":{"line":186,"column":null}},"91":{"start":{"line":187,"column":25},"end":{"line":187,"column":null}},"92":{"start":{"line":189,"column":8},"end":{"line":191,"column":null}},"93":{"start":{"line":190,"column":4},"end":{"line":190,"column":null}},"94":{"start":{"line":190,"column":23},"end":{"line":190,"column":84}},"95":{"start":{"line":190,"column":40},"end":{"line":190,"column":83}},"96":{"start":{"line":194,"column":8},"end":{"line":284,"column":null}},"97":{"start":{"line":196,"column":4},"end":{"line":196,"column":null}},"98":{"start":{"line":197,"column":4},"end":{"line":197,"column":null}},"99":{"start":{"line":198,"column":4},"end":{"line":283,"column":null}},"100":{"start":{"line":199,"column":19},"end":{"line":199,"column":null}},"101":{"start":{"line":200,"column":24},"end":{"line":200,"column":null}},"102":{"start":{"line":201,"column":22},"end":{"line":201,"column":null}},"103":{"start":{"line":202,"column":12},"end":{"line":202,"column":null}},"104":{"start":{"line":202,"column":72},"end":{"line":202,"column":82}},"105":{"start":{"line":202,"column":100},"end":{"line":202,"column":125}},"106":{"start":{"line":203,"column":28},"end":{"line":203,"column":null}},"107":{"start":{"line":204,"column":28},"end":{"line":204,"column":null}},"108":{"start":{"line":205,"column":30},"end":{"line":205,"column":null}},"109":{"start":{"line":206,"column":25},"end":{"line":220,"column":null}},"110":{"start":{"line":217,"column":24},"end":{"line":217,"column":32}},"111":{"start":{"line":218,"column":27},"end":{"line":218,"column":48}},"112":{"start":{"line":221,"column":6},"end":{"line":226,"column":null}},"113":{"start":{"line":222,"column":8},"end":{"line":222,"column":null}},"114":{"start":{"line":223,"column":8},"end":{"line":223,"column":null}},"115":{"start":{"line":224,"column":8},"end":{"line":224,"column":null}},"116":{"start":{"line":225,"column":8},"end":{"line":225,"column":null}},"117":{"start":{"line":228,"column":37},"end":{"line":228,"column":null}},"118":{"start":{"line":230,"column":6},"end":{"line":276,"column":null}},"119":{"start":{"line":231,"column":8},"end":{"line":275,"column":null}},"120":{"start":{"line":232,"column":32},"end":{"line":232,"column":null}},"121":{"start":{"line":232,"column":67},"end":{"line":232,"column":85}},"122":{"start":{"line":233,"column":24},"end":{"line":233,"column":null}},"123":{"start":{"line":234,"column":10},"end":{"line":243,"column":null}},"124":{"start":{"line":235,"column":12},"end":{"line":235,"column":null}},"125":{"start":{"line":236,"column":12},"end":{"line":236,"column":null}},"126":{"start":{"line":237,"column":12},"end":{"line":241,"column":null}},"127":{"start":{"line":239,"column":14},"end":{"line":239,"column":null}},"128":{"start":{"line":239,"column":44},"end":{"line":239,"column":57}},"129":{"start":{"line":239,"column":60},"end":{"line":239,"column":null}},"130":{"start":{"line":240,"column":14},"end":{"line":240,"column":null}},"131":{"start":{"line":242,"column":12},"end":{"line":242,"column":null}},"132":{"start":{"line":245,"column":22},"end":{"line":245,"column":null}},"133":{"start":{"line":246,"column":27},"end":{"line":246,"column":null}},"134":{"start":{"line":248,"column":12},"end":{"line":253,"column":null}},"135":{"start":{"line":255,"column":10},"end":{"line":272,"column":null}},"136":{"start":{"line":256,"column":12},"end":{"line":271,"column":null}},"137":{"start":{"line":257,"column":14},"end":{"line":264,"column":null}},"138":{"start":{"line":258,"column":16},"end":{"line":262,"column":null}},"139":{"start":{"line":263,"column":16},"end":{"line":263,"column":null}},"140":{"start":{"line":266,"column":34},"end":{"line":266,"column":null}},"141":{"start":{"line":267,"column":14},"end":{"line":267,"column":null}},"142":{"start":{"line":268,"column":14},"end":{"line":268,"column":null}},"143":{"start":{"line":269,"column":14},"end":{"line":269,"column":null}},"144":{"start":{"line":270,"column":14},"end":{"line":270,"column":null}},"145":{"start":{"line":274,"column":10},"end":{"line":274,"column":null}},"146":{"start":{"line":278,"column":6},"end":{"line":278,"column":null}},"147":{"start":{"line":279,"column":6},"end":{"line":279,"column":null}},"148":{"start":{"line":280,"column":6},"end":{"line":280,"column":null}},"149":{"start":{"line":282,"column":6},"end":{"line":282,"column":null}},"150":{"start":{"line":286,"column":2},"end":{"line":299,"column":null}},"151":{"start":{"line":287,"column":4},"end":{"line":287,"column":null}},"152":{"start":{"line":287,"column":23},"end":{"line":287,"column":null}},"153":{"start":{"line":288,"column":4},"end":{"line":292,"column":null}},"154":{"start":{"line":289,"column":6},"end":{"line":289,"column":null}},"155":{"start":{"line":290,"column":6},"end":{"line":290,"column":null}},"156":{"start":{"line":291,"column":6},"end":{"line":291,"column":null}},"157":{"start":{"line":295,"column":6},"end":{"line":295,"column":null}},"158":{"start":{"line":296,"column":4},"end":{"line":298,"column":null}},"159":{"start":{"line":302,"column":2},"end":{"line":359,"column":null}},"160":{"start":{"line":303,"column":20},"end":{"line":303,"column":null}},"161":{"start":{"line":305,"column":6},"end":{"line":353,"column":null}},"162":{"start":{"line":306,"column":21},"end":{"line":306,"column":null}},"163":{"start":{"line":307,"column":8},"end":{"line":307,"column":null}},"164":{"start":{"line":307,"column":32},"end":{"line":307,"column":null}},"165":{"start":{"line":308,"column":23},"end":{"line":308,"column":null}},"166":{"start":{"line":309,"column":8},"end":{"line":309,"column":null}},"167":{"start":{"line":309,"column":23},"end":{"line":309,"column":null}},"168":{"start":{"line":311,"column":28},"end":{"line":311,"column":null}},"169":{"start":{"line":312,"column":28},"end":{"line":312,"column":null}},"170":{"start":{"line":314,"column":26},"end":{"line":314,"column":null}},"171":{"start":{"line":314,"column":49},"end":{"line":314,"column":null}},"172":{"start":{"line":316,"column":8},"end":{"line":348,"column":null}},"173":{"start":{"line":317,"column":10},"end":{"line":317,"column":null}},"174":{"start":{"line":318,"column":10},"end":{"line":318,"column":null}},"175":{"start":{"line":319,"column":10},"end":{"line":325,"column":null}},"176":{"start":{"line":320,"column":12},"end":{"line":323,"column":null}},"177":{"start":{"line":324,"column":12},"end":{"line":324,"column":null}},"178":{"start":{"line":326,"column":25},"end":{"line":326,"column":null}},"179":{"start":{"line":327,"column":10},"end":{"line":327,"column":null}},"180":{"start":{"line":327,"column":22},"end":{"line":327,"column":null}},"181":{"start":{"line":328,"column":10},"end":{"line":328,"column":null}},"182":{"start":{"line":328,"column":22},"end":{"line":328,"column":null}},"183":{"start":{"line":330,"column":27},"end":{"line":330,"column":null}},"184":{"start":{"line":331,"column":10},"end":{"line":331,"column":null}},"185":{"start":{"line":332,"column":10},"end":{"line":347,"column":null}},"186":{"start":{"line":333,"column":33},"end":{"line":333,"column":null}},"187":{"start":{"line":334,"column":18},"end":{"line":335,"column":null}},"188":{"start":{"line":336,"column":12},"end":{"line":336,"column":null}},"189":{"start":{"line":337,"column":12},"end":{"line":343,"column":null}},"190":{"start":{"line":338,"column":14},"end":{"line":341,"column":null}},"191":{"start":{"line":342,"column":14},"end":{"line":342,"column":null}},"192":{"start":{"line":344,"column":27},"end":{"line":344,"column":null}},"193":{"start":{"line":345,"column":12},"end":{"line":345,"column":null}},"194":{"start":{"line":345,"column":24},"end":{"line":345,"column":null}},"195":{"start":{"line":346,"column":12},"end":{"line":346,"column":null}},"196":{"start":{"line":346,"column":24},"end":{"line":346,"column":null}},"197":{"start":{"line":350,"column":8},"end":{"line":350,"column":null}},"198":{"start":{"line":352,"column":8},"end":{"line":352,"column":null}},"199":{"start":{"line":352,"column":24},"end":{"line":352,"column":null}},"200":{"start":{"line":355,"column":4},"end":{"line":355,"column":null}},"201":{"start":{"line":356,"column":4},"end":{"line":358,"column":null}},"202":{"start":{"line":357,"column":6},"end":{"line":357,"column":null}},"203":{"start":{"line":361,"column":8},"end":{"line":384,"column":null}},"204":{"start":{"line":363,"column":6},"end":{"line":363,"column":null}},"205":{"start":{"line":364,"column":6},"end":{"line":364,"column":null}},"206":{"start":{"line":365,"column":6},"end":{"line":365,"column":null}},"207":{"start":{"line":366,"column":6},"end":{"line":366,"column":null}},"208":{"start":{"line":367,"column":6},"end":{"line":367,"column":null}},"209":{"start":{"line":368,"column":6},"end":{"line":381,"column":null}},"210":{"start":{"line":369,"column":21},"end":{"line":369,"column":null}},"211":{"start":{"line":370,"column":8},"end":{"line":370,"column":null}},"212":{"start":{"line":370,"column":19},"end":{"line":370,"column":null}},"213":{"start":{"line":371,"column":32},"end":{"line":371,"column":null}},"214":{"start":{"line":372,"column":8},"end":{"line":372,"column":null}},"215":{"start":{"line":373,"column":8},"end":{"line":377,"column":null}},"216":{"start":{"line":379,"column":8},"end":{"line":379,"column":null}},"217":{"start":{"line":380,"column":8},"end":{"line":380,"column":null}},"218":{"start":{"line":386,"column":8},"end":{"line":439,"column":null}},"219":{"start":{"line":387,"column":4},"end":{"line":387,"column":null}},"220":{"start":{"line":387,"column":23},"end":{"line":387,"column":null}},"221":{"start":{"line":388,"column":16},"end":{"line":388,"column":null}},"222":{"start":{"line":389,"column":4},"end":{"line":392,"column":null}},"223":{"start":{"line":390,"column":6},"end":{"line":390,"column":null}},"224":{"start":{"line":391,"column":6},"end":{"line":391,"column":null}},"225":{"start":{"line":393,"column":4},"end":{"line":393,"column":null}},"226":{"start":{"line":394,"column":4},"end":{"line":394,"column":null}},"227":{"start":{"line":396,"column":17},"end":{"line":396,"column":null}},"228":{"start":{"line":397,"column":4},"end":{"line":397,"column":null}},"229":{"start":{"line":397,"column":15},"end":{"line":397,"column":null}},"230":{"start":{"line":400,"column":21},"end":{"line":400,"column":null}},"231":{"start":{"line":401,"column":26},"end":{"line":401,"column":null}},"232":{"start":{"line":401,"column":47},"end":{"line":401,"column":65}},"233":{"start":{"line":403,"column":4},"end":{"line":425,"column":null}},"234":{"start":{"line":405,"column":6},"end":{"line":409,"column":null}},"235":{"start":{"line":411,"column":24},"end":{"line":411,"column":null}},"236":{"start":{"line":412,"column":26},"end":{"line":412,"column":null}},"237":{"start":{"line":412,"column":48},"end":{"line":412,"column":66}},"238":{"start":{"line":413,"column":6},"end":{"line":413,"column":null}},"239":{"start":{"line":413,"column":40},"end":{"line":413,"column":null}},"240":{"start":{"line":414,"column":6},"end":{"line":414,"column":null}},"241":{"start":{"line":415,"column":6},"end":{"line":415,"column":null}},"242":{"start":{"line":416,"column":6},"end":{"line":416,"column":null}},"243":{"start":{"line":417,"column":6},"end":{"line":417,"column":null}},"244":{"start":{"line":419,"column":18},"end":{"line":419,"column":null}},"245":{"start":{"line":420,"column":27},"end":{"line":420,"column":null}},"246":{"start":{"line":421,"column":6},"end":{"line":424,"column":null}},"247":{"start":{"line":422,"column":8},"end":{"line":422,"column":null}},"248":{"start":{"line":423,"column":8},"end":{"line":423,"column":null}},"249":{"start":{"line":428,"column":4},"end":{"line":428,"column":null}},"250":{"start":{"line":429,"column":4},"end":{"line":438,"column":null}},"251":{"start":{"line":430,"column":6},"end":{"line":434,"column":null}},"252":{"start":{"line":436,"column":6},"end":{"line":436,"column":null}},"253":{"start":{"line":437,"column":6},"end":{"line":437,"column":null}},"254":{"start":{"line":441,"column":8},"end":{"line":449,"column":null}},"255":{"start":{"line":442,"column":4},"end":{"line":442,"column":null}},"256":{"start":{"line":443,"column":4},"end":{"line":443,"column":null}},"257":{"start":{"line":444,"column":4},"end":{"line":444,"column":null}},"258":{"start":{"line":445,"column":4},"end":{"line":445,"column":null}},"259":{"start":{"line":446,"column":4},"end":{"line":446,"column":null}},"260":{"start":{"line":447,"column":4},"end":{"line":447,"column":null}},"261":{"start":{"line":448,"column":4},"end":{"line":448,"column":null}},"262":{"start":{"line":451,"column":8},"end":{"line":456,"column":null}},"263":{"start":{"line":452,"column":4},"end":{"line":452,"column":null}},"264":{"start":{"line":453,"column":4},"end":{"line":453,"column":null}},"265":{"start":{"line":454,"column":4},"end":{"line":454,"column":null}},"266":{"start":{"line":455,"column":4},"end":{"line":455,"column":null}},"267":{"start":{"line":458,"column":8},"end":{"line":473,"column":null}},"268":{"start":{"line":459,"column":17},"end":{"line":459,"column":null}},"269":{"start":{"line":460,"column":4},"end":{"line":460,"column":null}},"270":{"start":{"line":460,"column":14},"end":{"line":460,"column":null}},"271":{"start":{"line":461,"column":4},"end":{"line":461,"column":null}},"272":{"start":{"line":462,"column":4},"end":{"line":462,"column":null}},"273":{"start":{"line":463,"column":4},"end":{"line":463,"column":null}},"274":{"start":{"line":464,"column":4},"end":{"line":464,"column":null}},"275":{"start":{"line":465,"column":4},"end":{"line":465,"column":null}},"276":{"start":{"line":466,"column":4},"end":{"line":466,"column":null}},"277":{"start":{"line":467,"column":4},"end":{"line":467,"column":null}},"278":{"start":{"line":468,"column":4},"end":{"line":468,"column":null}},"279":{"start":{"line":469,"column":4},"end":{"line":469,"column":null}},"280":{"start":{"line":470,"column":4},"end":{"line":470,"column":null}},"281":{"start":{"line":471,"column":4},"end":{"line":471,"column":null}},"282":{"start":{"line":472,"column":4},"end":{"line":472,"column":null}},"283":{"start":{"line":475,"column":8},"end":{"line":477,"column":null}},"284":{"start":{"line":476,"column":4},"end":{"line":476,"column":null}},"285":{"start":{"line":479,"column":8},"end":{"line":572,"column":null}},"286":{"start":{"line":481,"column":6},"end":{"line":481,"column":null}},"287":{"start":{"line":481,"column":42},"end":{"line":481,"column":null}},"288":{"start":{"line":482,"column":6},"end":{"line":482,"column":null}},"289":{"start":{"line":483,"column":6},"end":{"line":483,"column":null}},"290":{"start":{"line":484,"column":6},"end":{"line":484,"column":null}},"291":{"start":{"line":485,"column":19},"end":{"line":485,"column":null}},"292":{"start":{"line":486,"column":12},"end":{"line":486,"column":null}},"293":{"start":{"line":486,"column":90},"end":{"line":486,"column":122}},"294":{"start":{"line":487,"column":31},"end":{"line":487,"column":null}},"295":{"start":{"line":489,"column":40},"end":{"line":495,"column":null}},"296":{"start":{"line":496,"column":6},"end":{"line":496,"column":null}},"297":{"start":{"line":498,"column":43},"end":{"line":498,"column":null}},"298":{"start":{"line":499,"column":6},"end":{"line":569,"column":null}},"299":{"start":{"line":500,"column":8},"end":{"line":500,"column":null}},"300":{"start":{"line":501,"column":30},"end":{"line":501,"column":null}},"301":{"start":{"line":502,"column":8},"end":{"line":506,"column":null}},"302":{"start":{"line":507,"column":8},"end":{"line":509,"column":null}},"303":{"start":{"line":510,"column":8},"end":{"line":510,"column":null}},"304":{"start":{"line":512,"column":8},"end":{"line":512,"column":null}},"305":{"start":{"line":513,"column":8},"end":{"line":513,"column":null}},"306":{"start":{"line":514,"column":8},"end":{"line":516,"column":null}},"307":{"start":{"line":517,"column":8},"end":{"line":517,"column":null}},"308":{"start":{"line":519,"column":8},"end":{"line":519,"column":null}},"309":{"start":{"line":520,"column":8},"end":{"line":520,"column":null}},"310":{"start":{"line":521,"column":31},"end":{"line":521,"column":null}},"311":{"start":{"line":522,"column":8},"end":{"line":525,"column":null}},"312":{"start":{"line":526,"column":8},"end":{"line":530,"column":null}},"313":{"start":{"line":532,"column":8},"end":{"line":532,"column":null}},"314":{"start":{"line":533,"column":8},"end":{"line":533,"column":null}},"315":{"start":{"line":534,"column":14},"end":{"line":534,"column":null}},"316":{"start":{"line":535,"column":8},"end":{"line":535,"column":null}},"317":{"start":{"line":536,"column":8},"end":{"line":538,"column":null}},"318":{"start":{"line":539,"column":8},"end":{"line":539,"column":null}},"319":{"start":{"line":541,"column":8},"end":{"line":541,"column":null}},"320":{"start":{"line":542,"column":8},"end":{"line":542,"column":null}},"321":{"start":{"line":543,"column":20},"end":{"line":543,"column":null}},"322":{"start":{"line":544,"column":8},"end":{"line":547,"column":null}},"323":{"start":{"line":548,"column":8},"end":{"line":548,"column":null}},"324":{"start":{"line":550,"column":18},"end":{"line":555,"column":null}},"325":{"start":{"line":556,"column":8},"end":{"line":556,"column":null}},"326":{"start":{"line":557,"column":8},"end":{"line":557,"column":null}},"327":{"start":{"line":558,"column":8},"end":{"line":558,"column":null}},"328":{"start":{"line":560,"column":8},"end":{"line":564,"column":null}},"329":{"start":{"line":565,"column":8},"end":{"line":565,"column":null}},"330":{"start":{"line":566,"column":8},"end":{"line":566,"column":null}},"331":{"start":{"line":568,"column":8},"end":{"line":568,"column":null}},"332":{"start":{"line":574,"column":8},"end":{"line":577,"column":null}},"333":{"start":{"line":575,"column":4},"end":{"line":575,"column":null}},"334":{"start":{"line":575,"column":32},"end":{"line":575,"column":null}},"335":{"start":{"line":576,"column":4},"end":{"line":576,"column":null}},"336":{"start":{"line":579,"column":2},"end":{"line":609,"column":null}}},"fnMap":{"0":{"name":"saveResult","decl":{"start":{"line":34,"column":9},"end":{"line":34,"column":20}},"loc":{"start":{"line":34,"column":48},"end":{"line":37,"column":null}},"line":34},"1":{"name":"loadResult","decl":{"start":{"line":38,"column":9},"end":{"line":38,"column":47}},"loc":{"start":{"line":38,"column":47},"end":{"line":44,"column":null}},"line":38},"2":{"name":"loadTenantIdFromStorage","decl":{"start":{"line":47,"column":9},"end":{"line":47,"column":33}},"loc":{"start":{"line":47,"column":66},"end":{"line":55,"column":null}},"line":47},"3":{"name":"extractTenantFromHomeAccountId","decl":{"start":{"line":58,"column":9},"end":{"line":58,"column":40}},"loc":{"start":{"line":58,"column":84},"end":{"line":64,"column":null}},"line":58},"4":{"name":"toTapErrorMessage","decl":{"start":{"line":67,"column":9},"end":{"line":67,"column":27}},"loc":{"start":{"line":67,"column":49},"end":{"line":114,"column":null}},"line":67},"5":{"name":"useAzureAccessPass","decl":{"start":{"line":116,"column":16},"end":{"line":116,"column":35}},"loc":{"start":{"line":116,"column":155},"end":{"line":610,"column":null}},"line":116},"6":{"name":"(anonymous_6)","decl":{"start":{"line":120,"column":50},"end":{"line":120,"column":51}},"loc":{"start":{"line":120,"column":57},"end":{"line":120,"column":78}},"line":120},"7":{"name":"(anonymous_7)","decl":{"start":{"line":138,"column":12},"end":{"line":138,"column":18}},"loc":{"start":{"line":138,"column":18},"end":{"line":176,"column":5}},"line":138},"8":{"name":"validatePersistedTap","decl":{"start":{"line":141,"column":19},"end":{"line":141,"column":42}},"loc":{"start":{"line":141,"column":42},"end":{"line":167,"column":null}},"line":141},"9":{"name":"(anonymous_9)","decl":{"start":{"line":154,"column":58},"end":{"line":154,"column":59}},"loc":{"start":{"line":154,"column":65},"end":{"line":154,"column":86}},"line":154},"10":{"name":"(anonymous_10)","decl":{"start":{"line":169,"column":33},"end":{"line":169,"column":39}},"loc":{"start":{"line":169,"column":39},"end":{"line":171,"column":5}},"line":169},"11":{"name":"(anonymous_11)","decl":{"start":{"line":173,"column":11},"end":{"line":173,"column":17}},"loc":{"start":{"line":173,"column":17},"end":{"line":175,"column":null}},"line":173},"12":{"name":"(anonymous_12)","decl":{"start":{"line":178,"column":35},"end":{"line":178,"column":41}},"loc":{"start":{"line":178,"column":41},"end":{"line":181,"column":5}},"line":178},"13":{"name":"(anonymous_13)","decl":{"start":{"line":180,"column":65},"end":{"line":180,"column":66}},"loc":{"start":{"line":180,"column":73},"end":{"line":180,"column":90}},"line":180},"14":{"name":"(anonymous_14)","decl":{"start":{"line":189,"column":33},"end":{"line":189,"column":34}},"loc":{"start":{"line":189,"column":86},"end":{"line":191,"column":5}},"line":189},"15":{"name":"(anonymous_15)","decl":{"start":{"line":190,"column":13},"end":{"line":190,"column":14}},"loc":{"start":{"line":190,"column":23},"end":{"line":190,"column":84}},"line":190},"16":{"name":"(anonymous_16)","decl":{"start":{"line":190,"column":32},"end":{"line":190,"column":33}},"loc":{"start":{"line":190,"column":40},"end":{"line":190,"column":83}},"line":190},"17":{"name":"(anonymous_17)","decl":{"start":{"line":194,"column":39},"end":{"line":194,"column":46}},"loc":{"start":{"line":194,"column":99},"end":{"line":284,"column":5}},"line":194},"18":{"name":"(anonymous_18)","decl":{"start":{"line":202,"column":65},"end":{"line":202,"column":66}},"loc":{"start":{"line":202,"column":72},"end":{"line":202,"column":82}},"line":202},"19":{"name":"(anonymous_19)","decl":{"start":{"line":202,"column":91},"end":{"line":202,"column":92}},"loc":{"start":{"line":202,"column":100},"end":{"line":202,"column":125}},"line":202},"20":{"name":"(anonymous_20)","decl":{"start":{"line":217,"column":17},"end":{"line":217,"column":18}},"loc":{"start":{"line":217,"column":24},"end":{"line":217,"column":32}},"line":217},"21":{"name":"(anonymous_21)","decl":{"start":{"line":218,"column":20},"end":{"line":218,"column":21}},"loc":{"start":{"line":218,"column":27},"end":{"line":218,"column":48}},"line":218},"22":{"name":"(anonymous_22)","decl":{"start":{"line":232,"column":60},"end":{"line":232,"column":61}},"loc":{"start":{"line":232,"column":67},"end":{"line":232,"column":85}},"line":232},"23":{"name":"(anonymous_23)","decl":{"start":{"line":237,"column":37},"end":{"line":237,"column":38}},"loc":{"start":{"line":237,"column":47},"end":{"line":241,"column":13}},"line":237},"24":{"name":"(anonymous_24)","decl":{"start":{"line":239,"column":37},"end":{"line":239,"column":38}},"loc":{"start":{"line":239,"column":44},"end":{"line":239,"column":57}},"line":239},"25":{"name":"(anonymous_25)","decl":{"start":{"line":286,"column":12},"end":{"line":286,"column":18}},"loc":{"start":{"line":286,"column":18},"end":{"line":299,"column":5}},"line":286},"26":{"name":"(anonymous_26)","decl":{"start":{"line":296,"column":59},"end":{"line":296,"column":65}},"loc":{"start":{"line":296,"column":65},"end":{"line":298,"column":5}},"line":296},"27":{"name":"(anonymous_27)","decl":{"start":{"line":302,"column":12},"end":{"line":302,"column":18}},"loc":{"start":{"line":302,"column":18},"end":{"line":359,"column":5}},"line":302},"28":{"name":"init","decl":{"start":{"line":304,"column":19},"end":{"line":304,"column":26}},"loc":{"start":{"line":304,"column":26},"end":{"line":354,"column":null}},"line":304},"29":{"name":"(anonymous_29)","decl":{"start":{"line":314,"column":26},"end":{"line":314,"column":27}},"loc":{"start":{"line":314,"column":49},"end":{"line":314,"column":null}},"line":314},"30":{"name":"(anonymous_30)","decl":{"start":{"line":356,"column":11},"end":{"line":356,"column":17}},"loc":{"start":{"line":356,"column":17},"end":{"line":358,"column":null}},"line":356},"31":{"name":"btnLoginClicked","decl":{"start":{"line":362,"column":19},"end":{"line":362,"column":37}},"loc":{"start":{"line":362,"column":37},"end":{"line":382,"column":null}},"line":362},"32":{"name":"(anonymous_32)","decl":{"start":{"line":386,"column":38},"end":{"line":386,"column":50}},"loc":{"start":{"line":386,"column":50},"end":{"line":439,"column":5}},"line":386},"33":{"name":"(anonymous_33)","decl":{"start":{"line":401,"column":40},"end":{"line":401,"column":41}},"loc":{"start":{"line":401,"column":47},"end":{"line":401,"column":65}},"line":401},"34":{"name":"(anonymous_34)","decl":{"start":{"line":412,"column":41},"end":{"line":412,"column":42}},"loc":{"start":{"line":412,"column":48},"end":{"line":412,"column":66}},"line":412},"35":{"name":"(anonymous_35)","decl":{"start":{"line":441,"column":35},"end":{"line":441,"column":41}},"loc":{"start":{"line":441,"column":41},"end":{"line":449,"column":5}},"line":441},"36":{"name":"(anonymous_36)","decl":{"start":{"line":451,"column":28},"end":{"line":451,"column":34}},"loc":{"start":{"line":451,"column":34},"end":{"line":456,"column":5}},"line":451},"37":{"name":"(anonymous_37)","decl":{"start":{"line":458,"column":35},"end":{"line":458,"column":47}},"loc":{"start":{"line":458,"column":47},"end":{"line":473,"column":5}},"line":458},"38":{"name":"(anonymous_38)","decl":{"start":{"line":460,"column":44},"end":{"line":460,"column":50}},"loc":{"start":{"line":460,"column":50},"end":{"line":460,"column":52}},"line":460},"39":{"name":"(anonymous_39)","decl":{"start":{"line":475,"column":29},"end":{"line":475,"column":41}},"loc":{"start":{"line":475,"column":41},"end":{"line":477,"column":5}},"line":475},"40":{"name":"(anonymous_40)","decl":{"start":{"line":480,"column":4},"end":{"line":480,"column":11}},"loc":{"start":{"line":480,"column":70},"end":{"line":570,"column":null}},"line":480},"41":{"name":"(anonymous_41)","decl":{"start":{"line":486,"column":83},"end":{"line":486,"column":84}},"loc":{"start":{"line":486,"column":90},"end":{"line":486,"column":122}},"line":486},"42":{"name":"(anonymous_42)","decl":{"start":{"line":574,"column":26},"end":{"line":574,"column":38}},"loc":{"start":{"line":574,"column":38},"end":{"line":577,"column":5}},"line":574}},"branchMap":{"0":{"loc":{"start":{"line":35,"column":2},"end":{"line":36,"column":null}},"type":"if","locations":[{"start":{"line":35,"column":2},"end":{"line":36,"column":null}},{"start":{"line":36,"column":7},"end":{"line":36,"column":null}}],"line":35},"1":{"loc":{"start":{"line":40,"column":22},"end":{"line":40,"column":64}},"type":"binary-expr","locations":[{"start":{"line":40,"column":22},"end":{"line":40,"column":58}},{"start":{"line":40,"column":58},"end":{"line":40,"column":64}}],"line":40},"2":{"loc":{"start":{"line":49,"column":30},"end":{"line":49,"column":65}},"type":"binary-expr","locations":[{"start":{"line":49,"column":30},"end":{"line":49,"column":59}},{"start":{"line":49,"column":59},"end":{"line":49,"column":65}}],"line":49},"3":{"loc":{"start":{"line":51,"column":11},"end":{"line":51,"column":null}},"type":"cond-expr","locations":[{"start":{"line":51,"column":22},"end":{"line":51,"column":33}},{"start":{"line":51,"column":33},"end":{"line":51,"column":null}}],"line":51},"4":{"loc":{"start":{"line":59,"column":2},"end":{"line":59,"column":null}},"type":"if","locations":[{"start":{"line":59,"column":2},"end":{"line":59,"column":null}},{"start":{},"end":{}}],"line":59},"5":{"loc":{"start":{"line":61,"column":20},"end":{"line":61,"column":null}},"type":"cond-expr","locations":[{"start":{"line":61,"column":39},"end":{"line":61,"column":50}},{"start":{"line":61,"column":50},"end":{"line":61,"column":null}}],"line":61},"6":{"loc":{"start":{"line":62,"column":2},"end":{"line":62,"column":null}},"type":"if","locations":[{"start":{"line":62,"column":2},"end":{"line":62,"column":null}},{"start":{},"end":{}}],"line":62},"7":{"loc":{"start":{"line":62,"column":6},"end":{"line":62,"column":46}},"type":"binary-expr","locations":[{"start":{"line":62,"column":6},"end":{"line":62,"column":20}},{"start":{"line":62,"column":20},"end":{"line":62,"column":46}}],"line":62},"8":{"loc":{"start":{"line":68,"column":14},"end":{"line":68,"column":null}},"type":"cond-expr","locations":[{"start":{"line":68,"column":37},"end":{"line":68,"column":51}},{"start":{"line":68,"column":51},"end":{"line":68,"column":null}}],"line":68},"9":{"loc":{"start":{"line":71,"column":2},"end":{"line":77,"column":null}},"type":"if","locations":[{"start":{"line":71,"column":2},"end":{"line":77,"column":null}},{"start":{},"end":{}}],"line":71},"10":{"loc":{"start":{"line":71,"column":6},"end":{"line":71,"column":113}},"type":"binary-expr","locations":[{"start":{"line":71,"column":6},"end":{"line":71,"column":32}},{"start":{"line":71,"column":32},"end":{"line":71,"column":80}},{"start":{"line":71,"column":80},"end":{"line":71,"column":113}}],"line":71},"11":{"loc":{"start":{"line":79,"column":2},"end":{"line":81,"column":null}},"type":"if","locations":[{"start":{"line":79,"column":2},"end":{"line":81,"column":null}},{"start":{},"end":{}}],"line":79},"12":{"loc":{"start":{"line":79,"column":6},"end":{"line":79,"column":117}},"type":"binary-expr","locations":[{"start":{"line":79,"column":6},"end":{"line":79,"column":39}},{"start":{"line":79,"column":39},"end":{"line":79,"column":81}},{"start":{"line":79,"column":81},"end":{"line":79,"column":117}}],"line":79},"13":{"loc":{"start":{"line":83,"column":2},"end":{"line":85,"column":null}},"type":"if","locations":[{"start":{"line":83,"column":2},"end":{"line":85,"column":null}},{"start":{},"end":{}}],"line":83},"14":{"loc":{"start":{"line":83,"column":6},"end":{"line":83,"column":77}},"type":"binary-expr","locations":[{"start":{"line":83,"column":6},"end":{"line":83,"column":31}},{"start":{"line":83,"column":31},"end":{"line":83,"column":77}}],"line":83},"15":{"loc":{"start":{"line":87,"column":2},"end":{"line":93,"column":null}},"type":"if","locations":[{"start":{"line":87,"column":2},"end":{"line":93,"column":null}},{"start":{},"end":{}}],"line":87},"16":{"loc":{"start":{"line":87,"column":6},"end":{"line":87,"column":73}},"type":"binary-expr","locations":[{"start":{"line":87,"column":6},"end":{"line":87,"column":50}},{"start":{"line":87,"column":50},"end":{"line":87,"column":73}}],"line":87},"17":{"loc":{"start":{"line":95,"column":2},"end":{"line":100,"column":null}},"type":"if","locations":[{"start":{"line":95,"column":2},"end":{"line":100,"column":null}},{"start":{},"end":{}}],"line":95},"18":{"loc":{"start":{"line":95,"column":6},"end":{"line":95,"column":66}},"type":"binary-expr","locations":[{"start":{"line":95,"column":6},"end":{"line":95,"column":43}},{"start":{"line":95,"column":43},"end":{"line":95,"column":66}}],"line":95},"19":{"loc":{"start":{"line":102,"column":2},"end":{"line":107,"column":null}},"type":"if","locations":[{"start":{"line":102,"column":2},"end":{"line":107,"column":null}},{"start":{},"end":{}}],"line":102},"20":{"loc":{"start":{"line":102,"column":6},"end":{"line":102,"column":93}},"type":"binary-expr","locations":[{"start":{"line":102,"column":6},"end":{"line":102,"column":36}},{"start":{"line":102,"column":36},"end":{"line":102,"column":70}},{"start":{"line":102,"column":70},"end":{"line":102,"column":93}}],"line":102},"21":{"loc":{"start":{"line":109,"column":2},"end":{"line":111,"column":null}},"type":"if","locations":[{"start":{"line":109,"column":2},"end":{"line":111,"column":null}},{"start":{},"end":{}}],"line":109},"22":{"loc":{"start":{"line":109,"column":6},"end":{"line":109,"column":111}},"type":"binary-expr","locations":[{"start":{"line":109,"column":6},"end":{"line":109,"column":62}},{"start":{"line":109,"column":62},"end":{"line":109,"column":87}},{"start":{"line":109,"column":87},"end":{"line":109,"column":111}}],"line":109},"23":{"loc":{"start":{"line":121,"column":61},"end":{"line":121,"column":124}},"type":"cond-expr","locations":[{"start":{"line":121,"column":90},"end":{"line":121,"column":108}},{"start":{"line":121,"column":108},"end":{"line":121,"column":124}}],"line":121},"24":{"loc":{"start":{"line":142,"column":6},"end":{"line":142,"column":null}},"type":"if","locations":[{"start":{"line":142,"column":6},"end":{"line":142,"column":null}},{"start":{},"end":{}}],"line":142},"25":{"loc":{"start":{"line":142,"column":10},"end":{"line":142,"column":36}},"type":"binary-expr","locations":[{"start":{"line":142,"column":10},"end":{"line":142,"column":27}},{"start":{"line":142,"column":27},"end":{"line":142,"column":36}}],"line":142},"26":{"loc":{"start":{"line":143,"column":6},"end":{"line":149,"column":null}},"type":"if","locations":[{"start":{"line":143,"column":6},"end":{"line":149,"column":null}},{"start":{},"end":{}}],"line":143},"27":{"loc":{"start":{"line":143,"column":10},"end":{"line":143,"column":55}},"type":"binary-expr","locations":[{"start":{"line":143,"column":10},"end":{"line":143,"column":34}},{"start":{"line":143,"column":34},"end":{"line":143,"column":55}}],"line":143},"28":{"loc":{"start":{"line":144,"column":8},"end":{"line":147,"column":null}},"type":"if","locations":[{"start":{"line":144,"column":8},"end":{"line":147,"column":null}},{"start":{},"end":{}}],"line":144},"29":{"loc":{"start":{"line":153,"column":23},"end":{"line":153,"column":null}},"type":"binary-expr","locations":[{"start":{"line":153,"column":23},"end":{"line":153,"column":42}},{"start":{"line":153,"column":42},"end":{"line":153,"column":67}},{"start":{"line":153,"column":67},"end":{"line":153,"column":null}}],"line":153},"30":{"loc":{"start":{"line":154,"column":30},"end":{"line":154,"column":null}},"type":"binary-expr","locations":[{"start":{"line":154,"column":30},"end":{"line":154,"column":91}},{"start":{"line":154,"column":91},"end":{"line":154,"column":null}}],"line":154},"31":{"loc":{"start":{"line":156,"column":8},"end":{"line":159,"column":null}},"type":"if","locations":[{"start":{"line":156,"column":8},"end":{"line":159,"column":null}},{"start":{},"end":{}}],"line":156},"32":{"loc":{"start":{"line":156,"column":12},"end":{"line":156,"column":35}},"type":"binary-expr","locations":[{"start":{"line":156,"column":12},"end":{"line":156,"column":23}},{"start":{"line":156,"column":23},"end":{"line":156,"column":35}}],"line":156},"33":{"loc":{"start":{"line":162,"column":8},"end":{"line":165,"column":null}},"type":"if","locations":[{"start":{"line":162,"column":8},"end":{"line":165,"column":null}},{"start":{},"end":{}}],"line":162},"34":{"loc":{"start":{"line":179,"column":4},"end":{"line":179,"column":null}},"type":"if","locations":[{"start":{"line":179,"column":4},"end":{"line":179,"column":null}},{"start":{},"end":{}}],"line":179},"35":{"loc":{"start":{"line":186,"column":28},"end":{"line":186,"column":null}},"type":"cond-expr","locations":[{"start":{"line":186,"column":43},"end":{"line":186,"column":141}},{"start":{"line":186,"column":141},"end":{"line":186,"column":null}}],"line":186},"36":{"loc":{"start":{"line":186,"column":43},"end":{"line":186,"column":141}},"type":"binary-expr","locations":[{"start":{"line":186,"column":43},"end":{"line":186,"column":65}},{"start":{"line":186,"column":65},"end":{"line":186,"column":91}},{"start":{"line":186,"column":91},"end":{"line":186,"column":141}}],"line":186},"37":{"loc":{"start":{"line":187,"column":25},"end":{"line":187,"column":null}},"type":"binary-expr","locations":[{"start":{"line":187,"column":25},"end":{"line":187,"column":41}},{"start":{"line":187,"column":41},"end":{"line":187,"column":64}},{"start":{"line":187,"column":64},"end":{"line":187,"column":null}}],"line":187},"38":{"loc":{"start":{"line":190,"column":40},"end":{"line":190,"column":83}},"type":"cond-expr","locations":[{"start":{"line":190,"column":54},"end":{"line":190,"column":81}},{"start":{"line":190,"column":81},"end":{"line":190,"column":83}}],"line":190},"39":{"loc":{"start":{"line":202,"column":31},"end":{"line":202,"column":61}},"type":"binary-expr","locations":[{"start":{"line":202,"column":31},"end":{"line":202,"column":57}},{"start":{"line":202,"column":57},"end":{"line":202,"column":61}}],"line":202},"40":{"loc":{"start":{"line":202,"column":100},"end":{"line":202,"column":125}},"type":"binary-expr","locations":[{"start":{"line":202,"column":100},"end":{"line":202,"column":107}},{"start":{"line":202,"column":107},"end":{"line":202,"column":125}}],"line":202},"41":{"loc":{"start":{"line":205,"column":30},"end":{"line":205,"column":null}},"type":"binary-expr","locations":[{"start":{"line":205,"column":30},"end":{"line":205,"column":69}},{"start":{"line":205,"column":69},"end":{"line":205,"column":null}}],"line":205},"42":{"loc":{"start":{"line":210,"column":16},"end":{"line":210,"column":null}},"type":"cond-expr","locations":[{"start":{"line":210,"column":34},"end":{"line":210,"column":54}},{"start":{"line":210,"column":54},"end":{"line":210,"column":null}}],"line":210},"43":{"loc":{"start":{"line":211,"column":16},"end":{"line":211,"column":null}},"type":"cond-expr","locations":[{"start":{"line":211,"column":32},"end":{"line":211,"column":50}},{"start":{"line":211,"column":50},"end":{"line":211,"column":null}}],"line":211},"44":{"loc":{"start":{"line":212,"column":16},"end":{"line":212,"column":null}},"type":"cond-expr","locations":[{"start":{"line":212,"column":32},"end":{"line":212,"column":50}},{"start":{"line":212,"column":50},"end":{"line":212,"column":null}}],"line":212},"45":{"loc":{"start":{"line":213,"column":16},"end":{"line":213,"column":null}},"type":"cond-expr","locations":[{"start":{"line":213,"column":27},"end":{"line":213,"column":40}},{"start":{"line":213,"column":40},"end":{"line":213,"column":null}}],"line":213},"46":{"loc":{"start":{"line":214,"column":16},"end":{"line":214,"column":null}},"type":"cond-expr","locations":[{"start":{"line":214,"column":26},"end":{"line":214,"column":38}},{"start":{"line":214,"column":38},"end":{"line":214,"column":null}}],"line":214},"47":{"loc":{"start":{"line":218,"column":27},"end":{"line":218,"column":48}},"type":"binary-expr","locations":[{"start":{"line":218,"column":27},"end":{"line":218,"column":32}},{"start":{"line":218,"column":32},"end":{"line":218,"column":48}}],"line":218},"48":{"loc":{"start":{"line":221,"column":6},"end":{"line":226,"column":null}},"type":"if","locations":[{"start":{"line":221,"column":6},"end":{"line":226,"column":null}},{"start":{},"end":{}}],"line":221},"49":{"loc":{"start":{"line":232,"column":32},"end":{"line":232,"column":null}},"type":"binary-expr","locations":[{"start":{"line":232,"column":32},"end":{"line":232,"column":90}},{"start":{"line":232,"column":90},"end":{"line":232,"column":null}}],"line":232},"50":{"loc":{"start":{"line":234,"column":10},"end":{"line":243,"column":null}},"type":"if","locations":[{"start":{"line":234,"column":10},"end":{"line":243,"column":null}},{"start":{},"end":{}}],"line":234},"51":{"loc":{"start":{"line":239,"column":14},"end":{"line":239,"column":null}},"type":"if","locations":[{"start":{"line":239,"column":14},"end":{"line":239,"column":null}},{"start":{},"end":{}}],"line":239},"52":{"loc":{"start":{"line":239,"column":18},"end":{"line":239,"column":60}},"type":"binary-expr","locations":[{"start":{"line":239,"column":18},"end":{"line":239,"column":26}},{"start":{"line":239,"column":26},"end":{"line":239,"column":60}}],"line":239},"53":{"loc":{"start":{"line":240,"column":21},"end":{"line":240,"column":null}},"type":"binary-expr","locations":[{"start":{"line":240,"column":21},"end":{"line":240,"column":37}},{"start":{"line":240,"column":37},"end":{"line":240,"column":null}}],"line":240},"54":{"loc":{"start":{"line":245,"column":22},"end":{"line":245,"column":null}},"type":"cond-expr","locations":[{"start":{"line":245,"column":45},"end":{"line":245,"column":59}},{"start":{"line":245,"column":59},"end":{"line":245,"column":null}}],"line":245},"55":{"loc":{"start":{"line":248,"column":12},"end":{"line":253,"column":null}},"type":"binary-expr","locations":[{"start":{"line":248,"column":12},"end":{"line":248,"column":null}},{"start":{"line":249,"column":12},"end":{"line":249,"column":null}},{"start":{"line":250,"column":12},"end":{"line":250,"column":null}},{"start":{"line":251,"column":12},"end":{"line":251,"column":null}},{"start":{"line":252,"column":12},"end":{"line":252,"column":null}},{"start":{"line":253,"column":12},"end":{"line":253,"column":null}}],"line":248},"56":{"loc":{"start":{"line":255,"column":10},"end":{"line":272,"column":null}},"type":"if","locations":[{"start":{"line":255,"column":10},"end":{"line":272,"column":null}},{"start":{},"end":{}}],"line":255},"57":{"loc":{"start":{"line":257,"column":14},"end":{"line":264,"column":null}},"type":"if","locations":[{"start":{"line":257,"column":14},"end":{"line":264,"column":null}},{"start":{},"end":{}}],"line":257},"58":{"loc":{"start":{"line":266,"column":34},"end":{"line":266,"column":null}},"type":"cond-expr","locations":[{"start":{"line":266,"column":65},"end":{"line":266,"column":87}},{"start":{"line":266,"column":87},"end":{"line":266,"column":null}}],"line":266},"59":{"loc":{"start":{"line":280,"column":27},"end":{"line":280,"column":106}},"type":"binary-expr","locations":[{"start":{"line":280,"column":27},"end":{"line":280,"column":40}},{"start":{"line":280,"column":40},"end":{"line":280,"column":106}}],"line":280},"60":{"loc":{"start":{"line":287,"column":4},"end":{"line":287,"column":null}},"type":"if","locations":[{"start":{"line":287,"column":4},"end":{"line":287,"column":null}},{"start":{},"end":{}}],"line":287},"61":{"loc":{"start":{"line":288,"column":4},"end":{"line":292,"column":null}},"type":"if","locations":[{"start":{"line":288,"column":4},"end":{"line":292,"column":null}},{"start":{},"end":{}}],"line":288},"62":{"loc":{"start":{"line":295,"column":6},"end":{"line":295,"column":null}},"type":"cond-expr","locations":[{"start":{"line":295,"column":45},"end":{"line":295,"column":85}},{"start":{"line":295,"column":85},"end":{"line":295,"column":null}}],"line":295},"63":{"loc":{"start":{"line":307,"column":8},"end":{"line":307,"column":null}},"type":"if","locations":[{"start":{"line":307,"column":8},"end":{"line":307,"column":null}},{"start":{},"end":{}}],"line":307},"64":{"loc":{"start":{"line":307,"column":12},"end":{"line":307,"column":32}},"type":"binary-expr","locations":[{"start":{"line":307,"column":12},"end":{"line":307,"column":21}},{"start":{"line":307,"column":21},"end":{"line":307,"column":32}}],"line":307},"65":{"loc":{"start":{"line":309,"column":8},"end":{"line":309,"column":null}},"type":"if","locations":[{"start":{"line":309,"column":8},"end":{"line":309,"column":null}},{"start":{},"end":{}}],"line":309},"66":{"loc":{"start":{"line":311,"column":28},"end":{"line":311,"column":null}},"type":"binary-expr","locations":[{"start":{"line":311,"column":28},"end":{"line":311,"column":67}},{"start":{"line":311,"column":67},"end":{"line":311,"column":null}}],"line":311},"67":{"loc":{"start":{"line":314,"column":49},"end":{"line":314,"column":null}},"type":"cond-expr","locations":[{"start":{"line":314,"column":80},"end":{"line":314,"column":149}},{"start":{"line":314,"column":149},"end":{"line":314,"column":null}}],"line":314},"68":{"loc":{"start":{"line":314,"column":80},"end":{"line":314,"column":149}},"type":"binary-expr","locations":[{"start":{"line":314,"column":80},"end":{"line":314,"column":95}},{"start":{"line":314,"column":95},"end":{"line":314,"column":121}},{"start":{"line":314,"column":121},"end":{"line":314,"column":136}},{"start":{"line":314,"column":136},"end":{"line":314,"column":149}}],"line":314},"69":{"loc":{"start":{"line":316,"column":8},"end":{"line":348,"column":null}},"type":"if","locations":[{"start":{"line":316,"column":8},"end":{"line":348,"column":null}},{"start":{"line":329,"column":15},"end":{"line":348,"column":null}}],"line":316},"70":{"loc":{"start":{"line":319,"column":10},"end":{"line":325,"column":null}},"type":"if","locations":[{"start":{"line":319,"column":10},"end":{"line":325,"column":null}},{"start":{},"end":{}}],"line":319},"71":{"loc":{"start":{"line":327,"column":10},"end":{"line":327,"column":null}},"type":"if","locations":[{"start":{"line":327,"column":10},"end":{"line":327,"column":null}},{"start":{},"end":{}}],"line":327},"72":{"loc":{"start":{"line":328,"column":10},"end":{"line":328,"column":null}},"type":"if","locations":[{"start":{"line":328,"column":10},"end":{"line":328,"column":null}},{"start":{},"end":{}}],"line":328},"73":{"loc":{"start":{"line":332,"column":10},"end":{"line":347,"column":null}},"type":"if","locations":[{"start":{"line":332,"column":10},"end":{"line":347,"column":null}},{"start":{},"end":{}}],"line":332},"74":{"loc":{"start":{"line":333,"column":33},"end":{"line":333,"column":null}},"type":"binary-expr","locations":[{"start":{"line":333,"column":33},"end":{"line":333,"column":48}},{"start":{"line":333,"column":48},"end":{"line":333,"column":74}},{"start":{"line":333,"column":74},"end":{"line":333,"column":null}}],"line":333},"75":{"loc":{"start":{"line":334,"column":18},"end":{"line":335,"column":null}},"type":"binary-expr","locations":[{"start":{"line":335,"column":15},"end":{"line":335,"column":96}},{"start":{"line":335,"column":96},"end":{"line":335,"column":147}},{"start":{"line":335,"column":147},"end":{"line":335,"column":null}}],"line":334},"76":{"loc":{"start":{"line":337,"column":12},"end":{"line":343,"column":null}},"type":"if","locations":[{"start":{"line":337,"column":12},"end":{"line":343,"column":null}},{"start":{},"end":{}}],"line":337},"77":{"loc":{"start":{"line":344,"column":27},"end":{"line":344,"column":null}},"type":"binary-expr","locations":[{"start":{"line":344,"column":27},"end":{"line":344,"column":50}},{"start":{"line":344,"column":50},"end":{"line":344,"column":null}}],"line":344},"78":{"loc":{"start":{"line":344,"column":50},"end":{"line":344,"column":null}},"type":"cond-expr","locations":[{"start":{"line":344,"column":84},"end":{"line":344,"column":99}},{"start":{"line":344,"column":99},"end":{"line":344,"column":null}}],"line":344},"79":{"loc":{"start":{"line":345,"column":12},"end":{"line":345,"column":null}},"type":"if","locations":[{"start":{"line":345,"column":12},"end":{"line":345,"column":null}},{"start":{},"end":{}}],"line":345},"80":{"loc":{"start":{"line":346,"column":12},"end":{"line":346,"column":null}},"type":"if","locations":[{"start":{"line":346,"column":12},"end":{"line":346,"column":null}},{"start":{},"end":{}}],"line":346},"81":{"loc":{"start":{"line":352,"column":8},"end":{"line":352,"column":null}},"type":"if","locations":[{"start":{"line":352,"column":8},"end":{"line":352,"column":null}},{"start":{},"end":{}}],"line":352},"82":{"loc":{"start":{"line":370,"column":8},"end":{"line":370,"column":null}},"type":"if","locations":[{"start":{"line":370,"column":8},"end":{"line":370,"column":null}},{"start":{},"end":{}}],"line":370},"83":{"loc":{"start":{"line":375,"column":21},"end":{"line":375,"column":null}},"type":"cond-expr","locations":[{"start":{"line":375,"column":39},"end":{"line":375,"column":96}},{"start":{"line":375,"column":96},"end":{"line":375,"column":null}}],"line":375},"84":{"loc":{"start":{"line":380,"column":22},"end":{"line":380,"column":73}},"type":"cond-expr","locations":[{"start":{"line":380,"column":45},"end":{"line":380,"column":59}},{"start":{"line":380,"column":59},"end":{"line":380,"column":73}}],"line":380},"85":{"loc":{"start":{"line":387,"column":4},"end":{"line":387,"column":null}},"type":"if","locations":[{"start":{"line":387,"column":4},"end":{"line":387,"column":null}},{"start":{},"end":{}}],"line":387},"86":{"loc":{"start":{"line":389,"column":4},"end":{"line":392,"column":null}},"type":"if","locations":[{"start":{"line":389,"column":4},"end":{"line":392,"column":null}},{"start":{},"end":{}}],"line":389},"87":{"loc":{"start":{"line":397,"column":4},"end":{"line":397,"column":null}},"type":"if","locations":[{"start":{"line":397,"column":4},"end":{"line":397,"column":null}},{"start":{},"end":{}}],"line":397},"88":{"loc":{"start":{"line":401,"column":26},"end":{"line":401,"column":null}},"type":"binary-expr","locations":[{"start":{"line":401,"column":26},"end":{"line":401,"column":70}},{"start":{"line":401,"column":70},"end":{"line":401,"column":null}}],"line":401},"89":{"loc":{"start":{"line":412,"column":26},"end":{"line":412,"column":null}},"type":"binary-expr","locations":[{"start":{"line":412,"column":26},"end":{"line":412,"column":71}},{"start":{"line":412,"column":71},"end":{"line":412,"column":null}}],"line":412},"90":{"loc":{"start":{"line":413,"column":6},"end":{"line":413,"column":null}},"type":"if","locations":[{"start":{"line":413,"column":6},"end":{"line":413,"column":null}},{"start":{},"end":{}}],"line":413},"91":{"loc":{"start":{"line":419,"column":18},"end":{"line":419,"column":null}},"type":"cond-expr","locations":[{"start":{"line":419,"column":41},"end":{"line":419,"column":55}},{"start":{"line":419,"column":55},"end":{"line":419,"column":null}}],"line":419},"92":{"loc":{"start":{"line":420,"column":27},"end":{"line":420,"column":null}},"type":"binary-expr","locations":[{"start":{"line":420,"column":27},"end":{"line":420,"column":58}},{"start":{"line":420,"column":58},"end":{"line":420,"column":98}},{"start":{"line":420,"column":98},"end":{"line":420,"column":null}}],"line":420},"93":{"loc":{"start":{"line":421,"column":6},"end":{"line":424,"column":null}},"type":"if","locations":[{"start":{"line":421,"column":6},"end":{"line":424,"column":null}},{"start":{},"end":{}}],"line":421},"94":{"loc":{"start":{"line":422,"column":21},"end":{"line":422,"column":55}},"type":"binary-expr","locations":[{"start":{"line":422,"column":21},"end":{"line":422,"column":28}},{"start":{"line":422,"column":28},"end":{"line":422,"column":55}}],"line":422},"95":{"loc":{"start":{"line":437,"column":23},"end":{"line":437,"column":80}},"type":"cond-expr","locations":[{"start":{"line":437,"column":46},"end":{"line":437,"column":60}},{"start":{"line":437,"column":60},"end":{"line":437,"column":80}}],"line":437},"96":{"loc":{"start":{"line":460,"column":4},"end":{"line":460,"column":null}},"type":"if","locations":[{"start":{"line":460,"column":4},"end":{"line":460,"column":null}},{"start":{},"end":{}}],"line":460},"97":{"loc":{"start":{"line":481,"column":6},"end":{"line":481,"column":null}},"type":"if","locations":[{"start":{"line":481,"column":6},"end":{"line":481,"column":null}},{"start":{},"end":{}}],"line":481},"98":{"loc":{"start":{"line":481,"column":10},"end":{"line":481,"column":42}},"type":"binary-expr","locations":[{"start":{"line":481,"column":10},"end":{"line":481,"column":27}},{"start":{"line":481,"column":27},"end":{"line":481,"column":42}}],"line":481},"99":{"loc":{"start":{"line":486,"column":12},"end":{"line":486,"column":null}},"type":"binary-expr","locations":[{"start":{"line":486,"column":35},"end":{"line":486,"column":140}},{"start":{"line":486,"column":140},"end":{"line":486,"column":null}}],"line":486},"100":{"loc":{"start":{"line":486,"column":35},"end":{"line":486,"column":140}},"type":"cond-expr","locations":[{"start":{"line":486,"column":55},"end":{"line":486,"column":126}},{"start":{"line":486,"column":126},"end":{"line":486,"column":140}}],"line":486},"101":{"loc":{"start":{"line":487,"column":31},"end":{"line":487,"column":null}},"type":"binary-expr","locations":[{"start":{"line":487,"column":31},"end":{"line":487,"column":52}},{"start":{"line":487,"column":52},"end":{"line":487,"column":null}}],"line":487},"102":{"loc":{"start":{"line":529,"column":10},"end":{"line":529,"column":null}},"type":"cond-expr","locations":[{"start":{"line":529,"column":31},"end":{"line":529,"column":111}},{"start":{"line":529,"column":111},"end":{"line":529,"column":null}}],"line":529},"103":{"loc":{"start":{"line":529,"column":75},"end":{"line":529,"column":106}},"type":"cond-expr","locations":[{"start":{"line":529,"column":98},"end":{"line":529,"column":103}},{"start":{"line":529,"column":103},"end":{"line":529,"column":106}}],"line":529},"104":{"loc":{"start":{"line":563,"column":19},"end":{"line":563,"column":null}},"type":"cond-expr","locations":[{"start":{"line":563,"column":42},"end":{"line":563,"column":56}},{"start":{"line":563,"column":56},"end":{"line":563,"column":null}}],"line":563},"105":{"loc":{"start":{"line":575,"column":4},"end":{"line":575,"column":null}},"type":"if","locations":[{"start":{"line":575,"column":4},"end":{"line":575,"column":null}},{"start":{},"end":{}}],"line":575}},"s":{"0":1,"1":1,"2":1,"3":1,"4":9,"5":3,"6":6,"7":79,"8":79,"9":0,"10":77,"11":77,"12":77,"13":77,"14":0,"15":48,"16":0,"17":48,"18":48,"19":48,"20":0,"21":48,"22":6,"23":6,"24":6,"25":1,"26":5,"27":1,"28":4,"29":1,"30":3,"31":1,"32":2,"33":1,"34":1,"35":0,"36":1,"37":0,"38":1,"39":171,"40":171,"41":171,"42":171,"43":342,"44":171,"45":171,"46":171,"47":171,"48":171,"49":171,"50":171,"51":171,"52":171,"53":171,"54":171,"55":171,"56":171,"57":171,"58":171,"59":171,"60":84,"61":84,"62":75,"63":9,"64":2,"65":2,"66":2,"67":2,"68":7,"69":7,"70":7,"71":84,"72":7,"73":84,"74":6,"75":1,"76":1,"77":1,"78":1,"79":1,"80":84,"81":84,"82":84,"83":171,"84":52,"85":29,"86":23,"87":26,"88":171,"89":171,"90":171,"91":171,"92":171,"93":84,"94":84,"95":420,"96":171,"97":48,"98":48,"99":48,"100":48,"101":48,"102":48,"103":48,"104":53,"105":53,"106":48,"107":48,"108":48,"109":48,"110":300,"111":300,"112":48,"113":0,"114":0,"115":0,"116":0,"117":48,"118":48,"119":49,"120":49,"121":54,"122":49,"123":48,"124":46,"125":46,"126":46,"127":46,"128":26,"129":26,"130":20,"131":46,"132":1,"133":1,"134":1,"135":1,"136":1,"137":1,"138":1,"139":0,"140":1,"141":1,"142":1,"143":1,"144":1,"145":0,"146":1,"147":1,"148":1,"149":48,"150":171,"151":78,"152":29,"153":49,"154":2,"155":2,"156":2,"157":47,"158":78,"159":171,"160":27,"161":27,"162":27,"163":27,"164":0,"165":27,"166":27,"167":0,"168":27,"169":27,"170":27,"171":23,"172":27,"173":22,"174":22,"175":22,"176":0,"177":0,"178":22,"179":22,"180":0,"181":22,"182":0,"183":5,"184":5,"185":5,"186":1,"187":1,"188":1,"189":1,"190":0,"191":0,"192":1,"193":1,"194":0,"195":1,"196":0,"197":0,"198":27,"199":27,"200":27,"201":27,"202":27,"203":171,"204":3,"205":3,"206":3,"207":3,"208":3,"209":3,"210":3,"211":3,"212":0,"213":3,"214":3,"215":3,"216":1,"217":1,"218":171,"219":5,"220":0,"221":5,"222":5,"223":1,"224":1,"225":4,"226":4,"227":4,"228":4,"229":0,"230":4,"231":4,"232":5,"233":5,"234":5,"235":1,"236":1,"237":2,"238":5,"239":1,"240":1,"241":1,"242":1,"243":1,"244":3,"245":3,"246":3,"247":1,"248":1,"249":2,"250":2,"251":2,"252":1,"253":1,"254":171,"255":1,"256":1,"257":1,"258":1,"259":1,"260":1,"261":1,"262":171,"263":1,"264":1,"265":1,"266":1,"267":171,"268":1,"269":1,"270":1,"271":1,"272":1,"273":1,"274":1,"275":1,"276":1,"277":1,"278":1,"279":1,"280":1,"281":1,"282":1,"283":171,"284":1,"285":171,"286":9,"287":0,"288":9,"289":9,"290":9,"291":9,"292":9,"293":0,"294":9,"295":9,"296":9,"297":9,"298":9,"299":9,"300":9,"301":9,"302":9,"303":9,"304":9,"305":9,"306":9,"307":9,"308":9,"309":9,"310":9,"311":8,"312":8,"313":9,"314":9,"315":9,"316":9,"317":7,"318":7,"319":7,"320":7,"321":7,"322":3,"323":3,"324":3,"325":3,"326":3,"327":3,"328":6,"329":6,"330":6,"331":9,"332":171,"333":9,"334":0,"335":9,"336":171},"f":{"0":9,"1":79,"2":77,"3":48,"4":6,"5":171,"6":342,"7":84,"8":84,"9":7,"10":0,"11":84,"12":52,"13":26,"14":84,"15":84,"16":420,"17":48,"18":53,"19":53,"20":300,"21":300,"22":54,"23":46,"24":26,"25":78,"26":0,"27":27,"28":27,"29":23,"30":27,"31":3,"32":5,"33":5,"34":2,"35":1,"36":1,"37":1,"38":0,"39":1,"40":9,"41":0,"42":9},"b":{"0":[3,6],"1":[79,69],"2":[77,77],"3":[0,77],"4":[0,48],"5":[48,0],"6":[0,48],"7":[48,48],"8":[5,1],"9":[1,5],"10":[6,3,2],"11":[1,4],"12":[5,4,4],"13":[1,3],"14":[4,1],"15":[1,2],"16":[3,1],"17":[1,1],"18":[2,1],"19":[0,1],"20":[1,0,0],"21":[0,1],"22":[1,0,0],"23":[171,0],"24":[75,9],"25":[84,55],"26":[2,7],"27":[9,7],"28":[2,0],"29":[7,0,0],"30":[84,0],"31":[1,5],"32":[6,1],"33":[1,0],"34":[29,23],"35":[2,169],"36":[2,2,2],"37":[171,2,169],"38":[84,336],"39":[48,0],"40":[53,53],"41":[48,48],"42":[0,48],"43":[4,44],"44":[0,48],"45":[48,0],"46":[48,0],"47":[300,278],"48":[0,48],"49":[49,4],"50":[46,2],"51":[26,20],"52":[46,26],"53":[20,0],"54":[1,0],"55":[1,1,0,0,0,0],"56":[1,0],"57":[1,0],"58":[1,0],"59":[1,1],"60":[29,49],"61":[2,47],"62":[0,47],"63":[0,27],"64":[27,27],"65":[0,27],"66":[27,27],"67":[1,22],"68":[1,1,1,1],"69":[22,5],"70":[0,22],"71":[0,22],"72":[0,22],"73":[1,4],"74":[1,1,0],"75":[1,0,0],"76":[0,1],"77":[1,1],"78":[0,1],"79":[0,1],"80":[0,1],"81":[27,0],"82":[0,3],"83":[1,2],"84":[1,0],"85":[0,5],"86":[1,4],"87":[0,4],"88":[4,3],"89":[1,0],"90":[1,4],"91":[3,0],"92":[3,3,1],"93":[1,2],"94":[1,0],"95":[1,0],"96":[1,0],"97":[0,9],"98":[9,9],"99":[9,9],"100":[0,9],"101":[9,9],"102":[8,0],"103":[0,8],"104":[5,1],"105":[0,9]},"meta":{"lastBranch":106,"lastFunction":43,"lastStatement":337,"seen":{"s:29:20:29:Infinity":0,"s:30:19:30:Infinity":1,"s:31:31:31:Infinity":2,"s:32:25:32:Infinity":3,"f:34:9:34:20":0,"b:35:2:36:Infinity:36:7:36:Infinity":0,"s:35:2:36:Infinity":4,"s:35:9:35:Infinity":5,"s:36:7:36:Infinity":6,"f:38:9:38:47":1,"s:39:2:43:Infinity":7,"s:40:4:40:Infinity":8,"b:40:22:40:58:40:58:40:64":1,"s:42:4:42:Infinity":9,"f:47:9:47:33":2,"s:48:2:54:Infinity":10,"s:49:19:49:Infinity":11,"b:49:30:49:59:49:59:49:65":2,"s:50:21:50:Infinity":12,"s:51:4:51:Infinity":13,"b:51:22:51:33:51:33:51:Infinity":3,"s:53:4:53:Infinity":14,"f:58:9:58:40":3,"b:59:2:59:Infinity:undefined:undefined:undefined:undefined":4,"s:59:2:59:Infinity":15,"s:59:22:59:Infinity":16,"s:60:16:60:Infinity":17,"s:61:20:61:Infinity":18,"b:61:39:61:50:61:50:61:Infinity":5,"b:62:2:62:Infinity:undefined:undefined:undefined:undefined":6,"s:62:2:62:Infinity":19,"b:62:6:62:20:62:20:62:46":7,"s:62:46:62:Infinity":20,"s:63:2:63:Infinity":21,"f:67:9:67:27":4,"s:68:14:68:Infinity":22,"b:68:37:68:51:68:51:68:Infinity":8,"s:69:16:69:Infinity":23,"b:71:2:77:Infinity:undefined:undefined:undefined:undefined":9,"s:71:2:77:Infinity":24,"b:71:6:71:32:71:32:71:80:71:80:71:113":10,"s:72:4:73:Infinity":25,"b:79:2:81:Infinity:undefined:undefined:undefined:undefined":11,"s:79:2:81:Infinity":26,"b:79:6:79:39:79:39:79:81:79:81:79:117":12,"s:80:4:80:Infinity":27,"b:83:2:85:Infinity:undefined:undefined:undefined:undefined":13,"s:83:2:85:Infinity":28,"b:83:6:83:31:83:31:83:77":14,"s:84:4:84:Infinity":29,"b:87:2:93:Infinity:undefined:undefined:undefined:undefined":15,"s:87:2:93:Infinity":30,"b:87:6:87:50:87:50:87:73":16,"s:88:4:89:Infinity":31,"b:95:2:100:Infinity:undefined:undefined:undefined:undefined":17,"s:95:2:100:Infinity":32,"b:95:6:95:43:95:43:95:66":18,"s:96:4:97:Infinity":33,"b:102:2:107:Infinity:undefined:undefined:undefined:undefined":19,"s:102:2:107:Infinity":34,"b:102:6:102:36:102:36:102:70:102:70:102:93":20,"s:103:4:104:Infinity":35,"b:109:2:111:Infinity:undefined:undefined:undefined:undefined":21,"s:109:2:111:Infinity":36,"b:109:6:109:62:109:62:109:87:109:87:109:111":22,"s:110:4:110:Infinity":37,"s:113:2:113:Infinity":38,"f:116:16:116:35":5,"s:117:24:117:Infinity":39,"s:118:38:118:Infinity":40,"s:119:28:119:Infinity":41,"s:120:26:120:Infinity":42,"f:120:50:120:51":6,"s:120:57:120:78":43,"s:121:38:121:Infinity":44,"b:121:90:121:108:121:108:121:124":23,"s:122:24:122:Infinity":45,"s:123:26:123:Infinity":46,"s:124:28:124:Infinity":47,"s:125:32:125:Infinity":48,"s:126:40:126:Infinity":49,"s:127:34:127:Infinity":50,"s:128:32:128:Infinity":51,"s:129:42:129:Infinity":52,"s:130:54:130:Infinity":53,"s:131:40:131:Infinity":54,"s:133:38:133:Infinity":55,"s:134:56:134:Infinity":56,"s:135:52:135:Infinity":57,"s:136:48:136:Infinity":58,"s:138:2:176:Infinity":59,"f:138:12:138:18":7,"s:139:20:139:Infinity":60,"f:141:19:141:42":8,"b:142:6:142:Infinity:undefined:undefined:undefined:undefined":24,"s:142:6:142:Infinity":61,"b:142:10:142:27:142:27:142:36":25,"s:142:36:142:Infinity":62,"b:143:6:149:Infinity:undefined:undefined:undefined:undefined":26,"s:143:6:149:Infinity":63,"b:143:10:143:34:143:34:143:55":27,"b:144:8:147:Infinity:undefined:undefined:undefined:undefined":28,"s:144:8:147:Infinity":64,"s:145:10:145:Infinity":65,"s:146:10:146:Infinity":66,"s:148:8:148:Infinity":67,"s:151:6:166:Infinity":68,"s:152:21:152:Infinity":69,"s:153:23:153:Infinity":70,"b:153:23:153:42:153:42:153:67:153:67:153:Infinity":29,"s:154:30:154:Infinity":71,"b:154:30:154:91:154:91:154:Infinity":30,"f:154:58:154:59":9,"s:154:65:154:86":72,"s:155:23:155:Infinity":73,"b:156:8:159:Infinity:undefined:undefined:undefined:undefined":31,"s:156:8:159:Infinity":74,"b:156:12:156:23:156:23:156:35":32,"s:157:10:157:Infinity":75,"s:158:10:158:Infinity":76,"b:162:8:165:Infinity:undefined:undefined:undefined:undefined":33,"s:162:8:165:Infinity":77,"s:163:10:163:Infinity":78,"s:164:10:164:Infinity":79,"s:169:4:171:Infinity":80,"f:169:33:169:39":10,"s:173:4:175:Infinity":81,"f:173:11:173:17":11,"s:174:6:174:Infinity":82,"s:178:8:181:Infinity":83,"f:178:35:178:41":12,"b:179:4:179:Infinity:undefined:undefined:undefined:undefined":34,"s:179:4:179:Infinity":84,"s:179:39:179:Infinity":85,"s:180:4:180:Infinity":86,"f:180:65:180:66":13,"s:180:73:180:90":87,"s:183:23:183:Infinity":88,"s:184:29:184:Infinity":89,"s:186:28:186:Infinity":90,"b:186:43:186:141:186:141:186:Infinity":35,"b:186:43:186:65:186:65:186:91:186:91:186:141":36,"s:187:25:187:Infinity":91,"b:187:25:187:41:187:41:187:64:187:64:187:Infinity":37,"s:189:8:191:Infinity":92,"f:189:33:189:34":14,"s:190:4:190:Infinity":93,"f:190:13:190:14":15,"s:190:23:190:84":94,"f:190:32:190:33":16,"s:190:40:190:83":95,"b:190:54:190:81:190:81:190:83":38,"s:194:8:284:Infinity":96,"f:194:39:194:46":17,"s:196:4:196:Infinity":97,"s:197:4:197:Infinity":98,"s:198:4:283:Infinity":99,"s:199:19:199:Infinity":100,"s:200:24:200:Infinity":101,"s:201:22:201:Infinity":102,"s:202:12:202:Infinity":103,"b:202:31:202:57:202:57:202:61":39,"f:202:65:202:66":18,"s:202:72:202:82":104,"f:202:91:202:92":19,"s:202:100:202:125":105,"b:202:100:202:107:202:107:202:125":40,"s:203:28:203:Infinity":106,"s:204:28:204:Infinity":107,"s:205:30:205:Infinity":108,"b:205:30:205:69:205:69:205:Infinity":41,"s:206:25:220:Infinity":109,"b:210:34:210:54:210:54:210:Infinity":42,"b:211:32:211:50:211:50:211:Infinity":43,"b:212:32:212:50:212:50:212:Infinity":44,"b:213:27:213:40:213:40:213:Infinity":45,"b:214:26:214:38:214:38:214:Infinity":46,"f:217:17:217:18":20,"s:217:24:217:32":110,"f:218:20:218:21":21,"s:218:27:218:48":111,"b:218:27:218:32:218:32:218:48":47,"b:221:6:226:Infinity:undefined:undefined:undefined:undefined":48,"s:221:6:226:Infinity":112,"s:222:8:222:Infinity":113,"s:223:8:223:Infinity":114,"s:224:8:224:Infinity":115,"s:225:8:225:Infinity":116,"s:228:37:228:Infinity":117,"s:230:6:276:Infinity":118,"s:231:8:275:Infinity":119,"s:232:32:232:Infinity":120,"b:232:32:232:90:232:90:232:Infinity":49,"f:232:60:232:61":22,"s:232:67:232:85":121,"s:233:24:233:Infinity":122,"b:234:10:243:Infinity:undefined:undefined:undefined:undefined":50,"s:234:10:243:Infinity":123,"s:235:12:235:Infinity":124,"s:236:12:236:Infinity":125,"s:237:12:241:Infinity":126,"f:237:37:237:38":23,"b:239:14:239:Infinity:undefined:undefined:undefined:undefined":51,"s:239:14:239:Infinity":127,"b:239:18:239:26:239:26:239:60":52,"f:239:37:239:38":24,"s:239:44:239:57":128,"s:239:60:239:Infinity":129,"s:240:14:240:Infinity":130,"b:240:21:240:37:240:37:240:Infinity":53,"s:242:12:242:Infinity":131,"s:245:22:245:Infinity":132,"b:245:45:245:59:245:59:245:Infinity":54,"s:246:27:246:Infinity":133,"s:248:12:253:Infinity":134,"b:248:12:248:Infinity:249:12:249:Infinity:250:12:250:Infinity:251:12:251:Infinity:252:12:252:Infinity:253:12:253:Infinity":55,"b:255:10:272:Infinity:undefined:undefined:undefined:undefined":56,"s:255:10:272:Infinity":135,"s:256:12:271:Infinity":136,"b:257:14:264:Infinity:undefined:undefined:undefined:undefined":57,"s:257:14:264:Infinity":137,"s:258:16:262:Infinity":138,"s:263:16:263:Infinity":139,"s:266:34:266:Infinity":140,"b:266:65:266:87:266:87:266:Infinity":58,"s:267:14:267:Infinity":141,"s:268:14:268:Infinity":142,"s:269:14:269:Infinity":143,"s:270:14:270:Infinity":144,"s:274:10:274:Infinity":145,"s:278:6:278:Infinity":146,"s:279:6:279:Infinity":147,"s:280:6:280:Infinity":148,"b:280:27:280:40:280:40:280:106":59,"s:282:6:282:Infinity":149,"s:286:2:299:Infinity":150,"f:286:12:286:18":25,"b:287:4:287:Infinity:undefined:undefined:undefined:undefined":60,"s:287:4:287:Infinity":151,"s:287:23:287:Infinity":152,"b:288:4:292:Infinity:undefined:undefined:undefined:undefined":61,"s:288:4:292:Infinity":153,"s:289:6:289:Infinity":154,"s:290:6:290:Infinity":155,"s:291:6:291:Infinity":156,"s:295:6:295:Infinity":157,"b:295:45:295:85:295:85:295:Infinity":62,"s:296:4:298:Infinity":158,"f:296:59:296:65":26,"s:302:2:359:Infinity":159,"f:302:12:302:18":27,"s:303:20:303:Infinity":160,"f:304:19:304:26":28,"s:305:6:353:Infinity":161,"s:306:21:306:Infinity":162,"b:307:8:307:Infinity:undefined:undefined:undefined:undefined":63,"s:307:8:307:Infinity":163,"b:307:12:307:21:307:21:307:32":64,"s:307:32:307:Infinity":164,"s:308:23:308:Infinity":165,"b:309:8:309:Infinity:undefined:undefined:undefined:undefined":65,"s:309:8:309:Infinity":166,"s:309:23:309:Infinity":167,"s:311:28:311:Infinity":168,"b:311:28:311:67:311:67:311:Infinity":66,"s:312:28:312:Infinity":169,"s:314:26:314:Infinity":170,"f:314:26:314:27":29,"s:314:49:314:Infinity":171,"b:314:80:314:149:314:149:314:Infinity":67,"b:314:80:314:95:314:95:314:121:314:121:314:136:314:136:314:149":68,"b:316:8:348:Infinity:329:15:348:Infinity":69,"s:316:8:348:Infinity":172,"s:317:10:317:Infinity":173,"s:318:10:318:Infinity":174,"b:319:10:325:Infinity:undefined:undefined:undefined:undefined":70,"s:319:10:325:Infinity":175,"s:320:12:323:Infinity":176,"s:324:12:324:Infinity":177,"s:326:25:326:Infinity":178,"b:327:10:327:Infinity:undefined:undefined:undefined:undefined":71,"s:327:10:327:Infinity":179,"s:327:22:327:Infinity":180,"b:328:10:328:Infinity:undefined:undefined:undefined:undefined":72,"s:328:10:328:Infinity":181,"s:328:22:328:Infinity":182,"s:330:27:330:Infinity":183,"s:331:10:331:Infinity":184,"b:332:10:347:Infinity:undefined:undefined:undefined:undefined":73,"s:332:10:347:Infinity":185,"s:333:33:333:Infinity":186,"b:333:33:333:48:333:48:333:74:333:74:333:Infinity":74,"s:334:18:335:Infinity":187,"b:335:15:335:96:335:96:335:147:335:147:335:Infinity":75,"s:336:12:336:Infinity":188,"b:337:12:343:Infinity:undefined:undefined:undefined:undefined":76,"s:337:12:343:Infinity":189,"s:338:14:341:Infinity":190,"s:342:14:342:Infinity":191,"s:344:27:344:Infinity":192,"b:344:27:344:50:344:50:344:Infinity":77,"b:344:84:344:99:344:99:344:Infinity":78,"b:345:12:345:Infinity:undefined:undefined:undefined:undefined":79,"s:345:12:345:Infinity":193,"s:345:24:345:Infinity":194,"b:346:12:346:Infinity:undefined:undefined:undefined:undefined":80,"s:346:12:346:Infinity":195,"s:346:24:346:Infinity":196,"s:350:8:350:Infinity":197,"b:352:8:352:Infinity:undefined:undefined:undefined:undefined":81,"s:352:8:352:Infinity":198,"s:352:24:352:Infinity":199,"s:355:4:355:Infinity":200,"s:356:4:358:Infinity":201,"f:356:11:356:17":30,"s:357:6:357:Infinity":202,"s:361:8:384:Infinity":203,"f:362:19:362:37":31,"s:363:6:363:Infinity":204,"s:364:6:364:Infinity":205,"s:365:6:365:Infinity":206,"s:366:6:366:Infinity":207,"s:367:6:367:Infinity":208,"s:368:6:381:Infinity":209,"s:369:21:369:Infinity":210,"b:370:8:370:Infinity:undefined:undefined:undefined:undefined":82,"s:370:8:370:Infinity":211,"s:370:19:370:Infinity":212,"s:371:32:371:Infinity":213,"s:372:8:372:Infinity":214,"s:373:8:377:Infinity":215,"b:375:39:375:96:375:96:375:Infinity":83,"s:379:8:379:Infinity":216,"s:380:8:380:Infinity":217,"b:380:45:380:59:380:59:380:73":84,"s:386:8:439:Infinity":218,"f:386:38:386:50":32,"b:387:4:387:Infinity:undefined:undefined:undefined:undefined":85,"s:387:4:387:Infinity":219,"s:387:23:387:Infinity":220,"s:388:16:388:Infinity":221,"b:389:4:392:Infinity:undefined:undefined:undefined:undefined":86,"s:389:4:392:Infinity":222,"s:390:6:390:Infinity":223,"s:391:6:391:Infinity":224,"s:393:4:393:Infinity":225,"s:394:4:394:Infinity":226,"s:396:17:396:Infinity":227,"b:397:4:397:Infinity:undefined:undefined:undefined:undefined":87,"s:397:4:397:Infinity":228,"s:397:15:397:Infinity":229,"s:400:21:400:Infinity":230,"s:401:26:401:Infinity":231,"b:401:26:401:70:401:70:401:Infinity":88,"f:401:40:401:41":33,"s:401:47:401:65":232,"s:403:4:425:Infinity":233,"s:405:6:409:Infinity":234,"s:411:24:411:Infinity":235,"s:412:26:412:Infinity":236,"b:412:26:412:71:412:71:412:Infinity":89,"f:412:41:412:42":34,"s:412:48:412:66":237,"b:413:6:413:Infinity:undefined:undefined:undefined:undefined":90,"s:413:6:413:Infinity":238,"s:413:40:413:Infinity":239,"s:414:6:414:Infinity":240,"s:415:6:415:Infinity":241,"s:416:6:416:Infinity":242,"s:417:6:417:Infinity":243,"s:419:18:419:Infinity":244,"b:419:41:419:55:419:55:419:Infinity":91,"s:420:27:420:Infinity":245,"b:420:27:420:58:420:58:420:98:420:98:420:Infinity":92,"b:421:6:424:Infinity:undefined:undefined:undefined:undefined":93,"s:421:6:424:Infinity":246,"s:422:8:422:Infinity":247,"b:422:21:422:28:422:28:422:55":94,"s:423:8:423:Infinity":248,"s:428:4:428:Infinity":249,"s:429:4:438:Infinity":250,"s:430:6:434:Infinity":251,"s:436:6:436:Infinity":252,"s:437:6:437:Infinity":253,"b:437:46:437:60:437:60:437:80":95,"s:441:8:449:Infinity":254,"f:441:35:441:41":35,"s:442:4:442:Infinity":255,"s:443:4:443:Infinity":256,"s:444:4:444:Infinity":257,"s:445:4:445:Infinity":258,"s:446:4:446:Infinity":259,"s:447:4:447:Infinity":260,"s:448:4:448:Infinity":261,"s:451:8:456:Infinity":262,"f:451:28:451:34":36,"s:452:4:452:Infinity":263,"s:453:4:453:Infinity":264,"s:454:4:454:Infinity":265,"s:455:4:455:Infinity":266,"s:458:8:473:Infinity":267,"f:458:35:458:47":37,"s:459:17:459:Infinity":268,"b:460:4:460:Infinity:undefined:undefined:undefined:undefined":96,"s:460:4:460:Infinity":269,"s:460:14:460:Infinity":270,"f:460:44:460:50":38,"s:461:4:461:Infinity":271,"s:462:4:462:Infinity":272,"s:463:4:463:Infinity":273,"s:464:4:464:Infinity":274,"s:465:4:465:Infinity":275,"s:466:4:466:Infinity":276,"s:467:4:467:Infinity":277,"s:468:4:468:Infinity":278,"s:469:4:469:Infinity":279,"s:470:4:470:Infinity":280,"s:471:4:471:Infinity":281,"s:472:4:472:Infinity":282,"s:475:8:477:Infinity":283,"f:475:29:475:41":39,"s:476:4:476:Infinity":284,"s:479:8:572:Infinity":285,"f:480:4:480:11":40,"b:481:6:481:Infinity:undefined:undefined:undefined:undefined":97,"s:481:6:481:Infinity":286,"b:481:10:481:27:481:27:481:42":98,"s:481:42:481:Infinity":287,"s:482:6:482:Infinity":288,"s:483:6:483:Infinity":289,"s:484:6:484:Infinity":290,"s:485:19:485:Infinity":291,"s:486:12:486:Infinity":292,"b:486:35:486:140:486:140:486:Infinity":99,"b:486:55:486:126:486:126:486:140":100,"f:486:83:486:84":41,"s:486:90:486:122":293,"s:487:31:487:Infinity":294,"b:487:31:487:52:487:52:487:Infinity":101,"s:489:40:495:Infinity":295,"s:496:6:496:Infinity":296,"s:498:43:498:Infinity":297,"s:499:6:569:Infinity":298,"s:500:8:500:Infinity":299,"s:501:30:501:Infinity":300,"s:502:8:506:Infinity":301,"s:507:8:509:Infinity":302,"s:510:8:510:Infinity":303,"s:512:8:512:Infinity":304,"s:513:8:513:Infinity":305,"s:514:8:516:Infinity":306,"s:517:8:517:Infinity":307,"s:519:8:519:Infinity":308,"s:520:8:520:Infinity":309,"s:521:31:521:Infinity":310,"s:522:8:525:Infinity":311,"s:526:8:530:Infinity":312,"b:529:31:529:111:529:111:529:Infinity":102,"b:529:98:529:103:529:103:529:106":103,"s:532:8:532:Infinity":313,"s:533:8:533:Infinity":314,"s:534:14:534:Infinity":315,"s:535:8:535:Infinity":316,"s:536:8:538:Infinity":317,"s:539:8:539:Infinity":318,"s:541:8:541:Infinity":319,"s:542:8:542:Infinity":320,"s:543:20:543:Infinity":321,"s:544:8:547:Infinity":322,"s:548:8:548:Infinity":323,"s:550:18:555:Infinity":324,"s:556:8:556:Infinity":325,"s:557:8:557:Infinity":326,"s:558:8:558:Infinity":327,"s:560:8:564:Infinity":328,"b:563:42:563:56:563:56:563:Infinity":104,"s:565:8:565:Infinity":329,"s:566:8:566:Infinity":330,"s:568:8:568:Infinity":331,"s:574:8:577:Infinity":332,"f:574:26:574:38":42,"b:575:4:575:Infinity:undefined:undefined:undefined:undefined":105,"s:575:4:575:Infinity":333,"s:575:32:575:Infinity":334,"s:576:4:576:Infinity":335,"s:579:2:609:Infinity":336},"fnNames":{}}}
}
